{"C:\\Users\\simho\\OneDrive\\Desktop\\Orbital\\NUSphereFrontEnd\\src\\config.js": {"path":"C:\\Users\\simho\\OneDrive\\Desktop\\Orbital\\NUSphereFrontEnd\\src\\config.js","statementMap":{"0":{"start":{"line":1,"column":28},"end":{"line":1,"column":null}}},"fnMap":{},"branchMap":{"0":{"loc":{"start":{"line":1,"column":28},"end":{"line":1,"column":null}},"type":"binary-expr","locations":[{"start":{"line":1,"column":28},"end":{"line":1,"column":60}},{"start":{"line":1,"column":60},"end":{"line":1,"column":null}}],"line":1}},"s":{"0":1},"f":{},"b":{"0":[1,1]},"meta":{"lastBranch":1,"lastFunction":0,"lastStatement":1,"seen":{"s:1:28:1:Infinity":0,"b:1:28:1:60:1:60:1:Infinity":0},"fnNames":{}}}
,"C:\\Users\\simho\\OneDrive\\Desktop\\Orbital\\NUSphereFrontEnd\\src\\Defaults\\Outline.css": {"path":"C:\\Users\\simho\\OneDrive\\Desktop\\Orbital\\NUSphereFrontEnd\\src\\Defaults\\Outline.css","statementMap":{},"fnMap":{},"branchMap":{},"s":{},"f":{},"b":{},"meta":{"lastBranch":0,"lastFunction":0,"lastStatement":0,"seen":{},"fnNames":{}}}
,"C:\\Users\\simho\\OneDrive\\Desktop\\Orbital\\NUSphereFrontEnd\\src\\Defaults\\Outline.jsx": {"path":"C:\\Users\\simho\\OneDrive\\Desktop\\Orbital\\NUSphereFrontEnd\\src\\Defaults\\Outline.jsx","statementMap":{"0":{"start":{"line":30,"column":19},"end":{"line":40,"column":null}},"1":{"start":{"line":44,"column":4},"end":{"line":52,"column":null}},"2":{"start":{"line":57,"column":10},"end":{"line":57,"column":null}},"3":{"start":{"line":58,"column":24},"end":{"line":58,"column":null}},"4":{"start":{"line":59,"column":29},"end":{"line":59,"column":null}},"5":{"start":{"line":60,"column":18},"end":{"line":60,"column":null}},"6":{"start":{"line":62,"column":4},"end":{"line":78,"column":null}},"7":{"start":{"line":63,"column":29},"end":{"line":73,"column":null}},"8":{"start":{"line":64,"column":12},"end":{"line":72,"column":null}},"9":{"start":{"line":65,"column":29},"end":{"line":67,"column":null}},"10":{"start":{"line":68,"column":33},"end":{"line":68,"column":null}},"11":{"start":{"line":69,"column":16},"end":{"line":69,"column":null}},"12":{"start":{"line":71,"column":16},"end":{"line":71,"column":null}},"13":{"start":{"line":75,"column":8},"end":{"line":77,"column":null}},"14":{"start":{"line":76,"column":12},"end":{"line":76,"column":null}},"15":{"start":{"line":81,"column":4},"end":{"line":131,"column":null}},"16":{"start":{"line":98,"column":41},"end":{"line":98,"column":null}},"17":{"start":{"line":99,"column":41},"end":{"line":99,"column":null}},"18":{"start":{"line":116,"column":28},"end":{"line":122,"column":null}},"19":{"start":{"line":121,"column":47},"end":{"line":121,"column":null}}},"fnMap":{"0":{"name":"CategoryCards","decl":{"start":{"line":42,"column":9},"end":{"line":42,"column":23}},"loc":{"start":{"line":42,"column":73},"end":{"line":54,"column":null}},"line":42},"1":{"name":"Outline","decl":{"start":{"line":56,"column":16},"end":{"line":56,"column":26}},"loc":{"start":{"line":56,"column":26},"end":{"line":133,"column":null}},"line":56},"2":{"name":"(anonymous_2)","decl":{"start":{"line":62,"column":4},"end":{"line":62,"column":20}},"loc":{"start":{"line":62,"column":20},"end":{"line":78,"column":7}},"line":62},"3":{"name":"(anonymous_3)","decl":{"start":{"line":63,"column":29},"end":{"line":63,"column":41}},"loc":{"start":{"line":63,"column":41},"end":{"line":73,"column":null}},"line":63},"4":{"name":"(anonymous_4)","decl":{"start":{"line":98,"column":24},"end":{"line":98,"column":41}},"loc":{"start":{"line":98,"column":41},"end":{"line":98,"column":null}},"line":98},"5":{"name":"(anonymous_5)","decl":{"start":{"line":99,"column":24},"end":{"line":99,"column":35}},"loc":{"start":{"line":99,"column":41},"end":{"line":99,"column":null}},"line":99},"6":{"name":"(anonymous_6)","decl":{"start":{"line":115,"column":36},"end":{"line":115,"column":41}},"loc":{"start":{"line":116,"column":28},"end":{"line":122,"column":null}},"line":116},"7":{"name":"(anonymous_7)","decl":{"start":{"line":121,"column":32},"end":{"line":121,"column":47}},"loc":{"start":{"line":121,"column":47},"end":{"line":121,"column":null}},"line":121}},"branchMap":{"0":{"loc":{"start":{"line":46,"column":40},"end":{"line":46,"column":null}},"type":"cond-expr","locations":[{"start":{"line":46,"column":51},"end":{"line":46,"column":62}},{"start":{"line":46,"column":62},"end":{"line":46,"column":null}}],"line":46},"1":{"loc":{"start":{"line":48,"column":52},"end":{"line":48,"column":81}},"type":"cond-expr","locations":[{"start":{"line":48,"column":63},"end":{"line":48,"column":72}},{"start":{"line":48,"column":72},"end":{"line":48,"column":81}}],"line":48},"2":{"loc":{"start":{"line":75,"column":8},"end":{"line":77,"column":null}},"type":"if","locations":[{"start":{"line":75,"column":8},"end":{"line":77,"column":null}},{"start":{},"end":{}}],"line":75}},"s":{"0":1,"1":63,"2":7,"3":7,"4":7,"5":7,"6":7,"7":5,"8":2,"9":2,"10":1,"11":1,"12":1,"13":5,"14":2,"15":7,"16":0,"17":0,"18":63,"19":1},"f":{"0":63,"1":7,"2":5,"3":2,"4":0,"5":0,"6":63,"7":1},"b":{"0":[7,56],"1":[7,56],"2":[2,3]},"meta":{"lastBranch":3,"lastFunction":8,"lastStatement":20,"seen":{"s:30:19:40:Infinity":0,"f:42:9:42:23":0,"s:44:4:52:Infinity":1,"b:46:51:46:62:46:62:46:Infinity":0,"b:48:63:48:72:48:72:48:81":1,"f:56:16:56:26":1,"s:57:10:57:Infinity":2,"s:58:24:58:Infinity":3,"s:59:29:59:Infinity":4,"s:60:18:60:Infinity":5,"s:62:4:78:Infinity":6,"f:62:4:62:20":2,"s:63:29:73:Infinity":7,"f:63:29:63:41":3,"s:64:12:72:Infinity":8,"s:65:29:67:Infinity":9,"s:68:33:68:Infinity":10,"s:69:16:69:Infinity":11,"s:71:16:71:Infinity":12,"b:75:8:77:Infinity:undefined:undefined:undefined:undefined":2,"s:75:8:77:Infinity":13,"s:76:12:76:Infinity":14,"s:81:4:131:Infinity":15,"f:98:24:98:41":4,"s:98:41:98:Infinity":16,"f:99:24:99:35":5,"s:99:41:99:Infinity":17,"f:115:36:115:41":6,"s:116:28:122:Infinity":18,"f:121:32:121:47":7,"s:121:47:121:Infinity":19},"fnNames":{}}}
,"C:\\Users\\simho\\OneDrive\\Desktop\\Orbital\\NUSphereFrontEnd\\src\\assets\\CartIcon.png": {"path":"C:\\Users\\simho\\OneDrive\\Desktop\\Orbital\\NUSphereFrontEnd\\src\\assets\\CartIcon.png","statementMap":{},"fnMap":{},"branchMap":{},"s":{},"f":{},"b":{},"meta":{"lastBranch":0,"lastFunction":0,"lastStatement":0,"seen":{},"fnNames":{}}}
,"C:\\Users\\simho\\OneDrive\\Desktop\\Orbital\\NUSphereFrontEnd\\src\\assets\\MainBanner.jpg": {"path":"C:\\Users\\simho\\OneDrive\\Desktop\\Orbital\\NUSphereFrontEnd\\src\\assets\\MainBanner.jpg","statementMap":{},"fnMap":{},"branchMap":{},"s":{},"f":{},"b":{},"meta":{"lastBranch":0,"lastFunction":0,"lastStatement":0,"seen":{},"fnNames":{}}}
,"C:\\Users\\simho\\OneDrive\\Desktop\\Orbital\\NUSphereFrontEnd\\src\\assets\\NUSphereLogo.png": {"path":"C:\\Users\\simho\\OneDrive\\Desktop\\Orbital\\NUSphereFrontEnd\\src\\assets\\NUSphereLogo.png","statementMap":{},"fnMap":{},"branchMap":{},"s":{},"f":{},"b":{},"meta":{"lastBranch":0,"lastFunction":0,"lastStatement":0,"seen":{},"fnNames":{}}}
,"C:\\Users\\simho\\OneDrive\\Desktop\\Orbital\\NUSphereFrontEnd\\src\\assets\\NUSphereName.png": {"path":"C:\\Users\\simho\\OneDrive\\Desktop\\Orbital\\NUSphereFrontEnd\\src\\assets\\NUSphereName.png","statementMap":{},"fnMap":{},"branchMap":{},"s":{},"f":{},"b":{},"meta":{"lastBranch":0,"lastFunction":0,"lastStatement":0,"seen":{},"fnNames":{}}}
,"C:\\Users\\simho\\OneDrive\\Desktop\\Orbital\\NUSphereFrontEnd\\src\\assets\\NotificationIcon.png": {"path":"C:\\Users\\simho\\OneDrive\\Desktop\\Orbital\\NUSphereFrontEnd\\src\\assets\\NotificationIcon.png","statementMap":{},"fnMap":{},"branchMap":{},"s":{},"f":{},"b":{},"meta":{"lastBranch":0,"lastFunction":0,"lastStatement":0,"seen":{},"fnNames":{}}}
,"C:\\Users\\simho\\OneDrive\\Desktop\\Orbital\\NUSphereFrontEnd\\src\\assets\\ProfilePhotoIcon.png": {"path":"C:\\Users\\simho\\OneDrive\\Desktop\\Orbital\\NUSphereFrontEnd\\src\\assets\\ProfilePhotoIcon.png","statementMap":{},"fnMap":{},"branchMap":{},"s":{},"f":{},"b":{},"meta":{"lastBranch":0,"lastFunction":0,"lastStatement":0,"seen":{},"fnNames":{}}}
,"C:\\Users\\simho\\OneDrive\\Desktop\\Orbital\\NUSphereFrontEnd\\src\\assets\\SearchIcon.png": {"path":"C:\\Users\\simho\\OneDrive\\Desktop\\Orbital\\NUSphereFrontEnd\\src\\assets\\SearchIcon.png","statementMap":{},"fnMap":{},"branchMap":{},"s":{},"f":{},"b":{},"meta":{"lastBranch":0,"lastFunction":0,"lastStatement":0,"seen":{},"fnNames":{}}}
,"C:\\Users\\simho\\OneDrive\\Desktop\\Orbital\\NUSphereFrontEnd\\src\\assets\\Categories\\Academics.png": {"path":"C:\\Users\\simho\\OneDrive\\Desktop\\Orbital\\NUSphereFrontEnd\\src\\assets\\Categories\\Academics.png","statementMap":{},"fnMap":{},"branchMap":{},"s":{},"f":{},"b":{},"meta":{"lastBranch":0,"lastFunction":0,"lastStatement":0,"seen":{},"fnNames":{}}}
,"C:\\Users\\simho\\OneDrive\\Desktop\\Orbital\\NUSphereFrontEnd\\src\\assets\\Categories\\All.png": {"path":"C:\\Users\\simho\\OneDrive\\Desktop\\Orbital\\NUSphereFrontEnd\\src\\assets\\Categories\\All.png","statementMap":{},"fnMap":{},"branchMap":{},"s":{},"f":{},"b":{},"meta":{"lastBranch":0,"lastFunction":0,"lastStatement":0,"seen":{},"fnNames":{}}}
,"C:\\Users\\simho\\OneDrive\\Desktop\\Orbital\\NUSphereFrontEnd\\src\\assets\\Categories\\Clothes.png": {"path":"C:\\Users\\simho\\OneDrive\\Desktop\\Orbital\\NUSphereFrontEnd\\src\\assets\\Categories\\Clothes.png","statementMap":{},"fnMap":{},"branchMap":{},"s":{},"f":{},"b":{},"meta":{"lastBranch":0,"lastFunction":0,"lastStatement":0,"seen":{},"fnNames":{}}}
,"C:\\Users\\simho\\OneDrive\\Desktop\\Orbital\\NUSphereFrontEnd\\src\\assets\\Categories\\Dorm.png": {"path":"C:\\Users\\simho\\OneDrive\\Desktop\\Orbital\\NUSphereFrontEnd\\src\\assets\\Categories\\Dorm.png","statementMap":{},"fnMap":{},"branchMap":{},"s":{},"f":{},"b":{},"meta":{"lastBranch":0,"lastFunction":0,"lastStatement":0,"seen":{},"fnNames":{}}}
,"C:\\Users\\simho\\OneDrive\\Desktop\\Orbital\\NUSphereFrontEnd\\src\\assets\\Categories\\Electronics.png": {"path":"C:\\Users\\simho\\OneDrive\\Desktop\\Orbital\\NUSphereFrontEnd\\src\\assets\\Categories\\Electronics.png","statementMap":{},"fnMap":{},"branchMap":{},"s":{},"f":{},"b":{},"meta":{"lastBranch":0,"lastFunction":0,"lastStatement":0,"seen":{},"fnNames":{}}}
,"C:\\Users\\simho\\OneDrive\\Desktop\\Orbital\\NUSphereFrontEnd\\src\\assets\\Categories\\Food.png": {"path":"C:\\Users\\simho\\OneDrive\\Desktop\\Orbital\\NUSphereFrontEnd\\src\\assets\\Categories\\Food.png","statementMap":{},"fnMap":{},"branchMap":{},"s":{},"f":{},"b":{},"meta":{"lastBranch":0,"lastFunction":0,"lastStatement":0,"seen":{},"fnNames":{}}}
,"C:\\Users\\simho\\OneDrive\\Desktop\\Orbital\\NUSphereFrontEnd\\src\\assets\\Categories\\Furniture.png": {"path":"C:\\Users\\simho\\OneDrive\\Desktop\\Orbital\\NUSphereFrontEnd\\src\\assets\\Categories\\Furniture.png","statementMap":{},"fnMap":{},"branchMap":{},"s":{},"f":{},"b":{},"meta":{"lastBranch":0,"lastFunction":0,"lastStatement":0,"seen":{},"fnNames":{}}}
,"C:\\Users\\simho\\OneDrive\\Desktop\\Orbital\\NUSphereFrontEnd\\src\\assets\\Categories\\Others.png": {"path":"C:\\Users\\simho\\OneDrive\\Desktop\\Orbital\\NUSphereFrontEnd\\src\\assets\\Categories\\Others.png","statementMap":{},"fnMap":{},"branchMap":{},"s":{},"f":{},"b":{},"meta":{"lastBranch":0,"lastFunction":0,"lastStatement":0,"seen":{},"fnNames":{}}}
,"C:\\Users\\simho\\OneDrive\\Desktop\\Orbital\\NUSphereFrontEnd\\src\\assets\\Categories\\Service.png": {"path":"C:\\Users\\simho\\OneDrive\\Desktop\\Orbital\\NUSphereFrontEnd\\src\\assets\\Categories\\Service.png","statementMap":{},"fnMap":{},"branchMap":{},"s":{},"f":{},"b":{},"meta":{"lastBranch":0,"lastFunction":0,"lastStatement":0,"seen":{},"fnNames":{}}}
}
